<?xml version="1.0" encoding="UTF-8"?>
<testExecutions version="1">
  <file path="C:\Users\cristianbetancourth\Desktop\Semillero\Entregables\Mes 3\Jenkins Shraed Libreries\app\react-test-jenkinsfile\src\__test__\date.test.js">
    <testCase name="compareDate should return true if the second date is greater than the first date" duration="145"/>
  </file>
  <file path="C:\Users\cristianbetancourth\Desktop\Semillero\Entregables\Mes 3\Jenkins Shraed Libreries\app\react-test-jenkinsfile\src\__test__\util.test.js">
    <testCase name="totalPrice should return 0 when no product is passed" duration="122"/>
    <testCase name="totalPrice should return the total price of a single product" duration="3"/>
    <testCase name="totalPrice should return the total price of multiple products" duration="1"/>
  </file>
  <file path="C:\Users\cristianbetancourth\Desktop\Semillero\Entregables\Mes 3\Jenkins Shraed Libreries\app\react-test-jenkinsfile\src\__test__\indexOrdersCard.test.js">
  </file>
  <file path="C:\Users\cristianbetancourth\Desktop\Semillero\Entregables\Mes 3\Jenkins Shraed Libreries\app\react-test-jenkinsfile\src\__test__\indexContext.test.js">
    <testCase name="ShoppingCartProvider renders children and provides context values" duration="489">
      <failure message="TestingLibraryElementError: Unable to find an element with the text: Your Child Component Text. This could be because the text is broken up by multiple elements. In this case, you can provide a function for your text matcher to make your matcher more flexible."><![CDATA[TestingLibraryElementError: Unable to find an element with the text: Your Child Component Text. This could be because the text is broken up by multiple elements. In this case, you can provide a function for your text matcher to make your matcher more flexible.

Ignored nodes: comments, script, style
<body>
  <div>
    <div>
      <button
        data-testid="increment-count-button"
      >
        Increment Count
      </button>
      <div
        data-testid="context-values"
      >
        count: 
        0
      </div>
    </div>
  </div>
</body>
    at Object.getElementError (C:\Users\cristianbetancourth\Desktop\Semillero\Entregables\Mes 3\Jenkins Shraed Libreries\app\react-test-jenkinsfile\node_modules\@testing-library\dom\dist\config.js:37:19)
    at C:\Users\cristianbetancourth\Desktop\Semillero\Entregables\Mes 3\Jenkins Shraed Libreries\app\react-test-jenkinsfile\node_modules\@testing-library\dom\dist\query-helpers.js:76:38
    at C:\Users\cristianbetancourth\Desktop\Semillero\Entregables\Mes 3\Jenkins Shraed Libreries\app\react-test-jenkinsfile\node_modules\@testing-library\dom\dist\query-helpers.js:52:17
    at C:\Users\cristianbetancourth\Desktop\Semillero\Entregables\Mes 3\Jenkins Shraed Libreries\app\react-test-jenkinsfile\node_modules\@testing-library\dom\dist\query-helpers.js:95:19
    at Object.getByText (C:\Users\cristianbetancourth\Desktop\Semillero\Entregables\Mes 3\Jenkins Shraed Libreries\app\react-test-jenkinsfile\src\__test__\indexContext.test.js:20:19)
    at Promise.then.completed (C:\Users\cristianbetancourth\Desktop\Semillero\Entregables\Mes 3\Jenkins Shraed Libreries\app\react-test-jenkinsfile\node_modules\jest-circus\build\utils.js:298:28)
    at new Promise (<anonymous>)
    at callAsyncCircusFn (C:\Users\cristianbetancourth\Desktop\Semillero\Entregables\Mes 3\Jenkins Shraed Libreries\app\react-test-jenkinsfile\node_modules\jest-circus\build\utils.js:231:10)
    at _callCircusTest (C:\Users\cristianbetancourth\Desktop\Semillero\Entregables\Mes 3\Jenkins Shraed Libreries\app\react-test-jenkinsfile\node_modules\jest-circus\build\run.js:316:40)
    at processTicksAndRejections (node:internal/process/task_queues:95:5)
    at _runTest (C:\Users\cristianbetancourth\Desktop\Semillero\Entregables\Mes 3\Jenkins Shraed Libreries\app\react-test-jenkinsfile\node_modules\jest-circus\build\run.js:252:3)
    at _runTestsForDescribeBlock (C:\Users\cristianbetancourth\Desktop\Semillero\Entregables\Mes 3\Jenkins Shraed Libreries\app\react-test-jenkinsfile\node_modules\jest-circus\build\run.js:126:9)
    at _runTestsForDescribeBlock (C:\Users\cristianbetancourth\Desktop\Semillero\Entregables\Mes 3\Jenkins Shraed Libreries\app\react-test-jenkinsfile\node_modules\jest-circus\build\run.js:121:9)
    at run (C:\Users\cristianbetancourth\Desktop\Semillero\Entregables\Mes 3\Jenkins Shraed Libreries\app\react-test-jenkinsfile\node_modules\jest-circus\build\run.js:71:3)
    at runAndTransformResultsToJestFormat (C:\Users\cristianbetancourth\Desktop\Semillero\Entregables\Mes 3\Jenkins Shraed Libreries\app\react-test-jenkinsfile\node_modules\jest-circus\build\legacy-code-todo-rewrite\jestAdapterInit.js:122:21)
    at jestAdapter (C:\Users\cristianbetancourth\Desktop\Semillero\Entregables\Mes 3\Jenkins Shraed Libreries\app\react-test-jenkinsfile\node_modules\jest-circus\build\legacy-code-todo-rewrite\jestAdapter.js:79:19)
    at runTestInternal (C:\Users\cristianbetancourth\Desktop\Semillero\Entregables\Mes 3\Jenkins Shraed Libreries\app\react-test-jenkinsfile\node_modules\jest-runner\build\runTest.js:367:16)
    at runTest (C:\Users\cristianbetancourth\Desktop\Semillero\Entregables\Mes 3\Jenkins Shraed Libreries\app\react-test-jenkinsfile\node_modules\jest-runner\build\runTest.js:444:34)
    at Object.worker (C:\Users\cristianbetancourth\Desktop\Semillero\Entregables\Mes 3\Jenkins Shraed Libreries\app\react-test-jenkinsfile\node_modules\jest-runner\build\testWorker.js:106:12)]]></failure>
    </testCase>
    <testCase name="ShoppingCartProvider updates context values correctly" duration="69">
      <failure message="Error: expect(element).toHaveTextContent()"><![CDATA[Error: expect(element).toHaveTextContent()

Expected element to have text content:
  count: 1
Received:
  count: 0
    at Object.toHaveTextContent (C:\Users\cristianbetancourth\Desktop\Semillero\Entregables\Mes 3\Jenkins Shraed Libreries\app\react-test-jenkinsfile\src\__test__\indexContext.test.js:40:27)
    at Promise.then.completed (C:\Users\cristianbetancourth\Desktop\Semillero\Entregables\Mes 3\Jenkins Shraed Libreries\app\react-test-jenkinsfile\node_modules\jest-circus\build\utils.js:298:28)
    at new Promise (<anonymous>)
    at callAsyncCircusFn (C:\Users\cristianbetancourth\Desktop\Semillero\Entregables\Mes 3\Jenkins Shraed Libreries\app\react-test-jenkinsfile\node_modules\jest-circus\build\utils.js:231:10)
    at _callCircusTest (C:\Users\cristianbetancourth\Desktop\Semillero\Entregables\Mes 3\Jenkins Shraed Libreries\app\react-test-jenkinsfile\node_modules\jest-circus\build\run.js:316:40)
    at processTicksAndRejections (node:internal/process/task_queues:95:5)
    at _runTest (C:\Users\cristianbetancourth\Desktop\Semillero\Entregables\Mes 3\Jenkins Shraed Libreries\app\react-test-jenkinsfile\node_modules\jest-circus\build\run.js:252:3)
    at _runTestsForDescribeBlock (C:\Users\cristianbetancourth\Desktop\Semillero\Entregables\Mes 3\Jenkins Shraed Libreries\app\react-test-jenkinsfile\node_modules\jest-circus\build\run.js:126:9)
    at _runTestsForDescribeBlock (C:\Users\cristianbetancourth\Desktop\Semillero\Entregables\Mes 3\Jenkins Shraed Libreries\app\react-test-jenkinsfile\node_modules\jest-circus\build\run.js:121:9)
    at run (C:\Users\cristianbetancourth\Desktop\Semillero\Entregables\Mes 3\Jenkins Shraed Libreries\app\react-test-jenkinsfile\node_modules\jest-circus\build\run.js:71:3)
    at runAndTransformResultsToJestFormat (C:\Users\cristianbetancourth\Desktop\Semillero\Entregables\Mes 3\Jenkins Shraed Libreries\app\react-test-jenkinsfile\node_modules\jest-circus\build\legacy-code-todo-rewrite\jestAdapterInit.js:122:21)
    at jestAdapter (C:\Users\cristianbetancourth\Desktop\Semillero\Entregables\Mes 3\Jenkins Shraed Libreries\app\react-test-jenkinsfile\node_modules\jest-circus\build\legacy-code-todo-rewrite\jestAdapter.js:79:19)
    at runTestInternal (C:\Users\cristianbetancourth\Desktop\Semillero\Entregables\Mes 3\Jenkins Shraed Libreries\app\react-test-jenkinsfile\node_modules\jest-runner\build\runTest.js:367:16)
    at runTest (C:\Users\cristianbetancourth\Desktop\Semillero\Entregables\Mes 3\Jenkins Shraed Libreries\app\react-test-jenkinsfile\node_modules\jest-runner\build\runTest.js:444:34)
    at Object.worker (C:\Users\cristianbetancourth\Desktop\Semillero\Entregables\Mes 3\Jenkins Shraed Libreries\app\react-test-jenkinsfile\node_modules\jest-runner\build\testWorker.js:106:12)]]></failure>
    </testCase>
  </file>
  <file path="C:\Users\cristianbetancourth\Desktop\Semillero\Entregables\Mes 3\Jenkins Shraed Libreries\app\react-test-jenkinsfile\src\__test__\indexPagesApp.test.js">
  </file>
  <file path="C:\Users\cristianbetancourth\Desktop\Semillero\Entregables\Mes 3\Jenkins Shraed Libreries\app\react-test-jenkinsfile\src\__test__\indexCard.test.js">
    <testCase name="renders Card component" duration="313"/>
    <testCase name="adds product to cart when clicking the PlusIcon" duration="36"/>
  </file>
</testExecutions>